- Pascal-FC for IBM PC compatibles - 
- GNU Compiler Version P5.2

G L Davies  &  A Burns, University of York

Compiler listing

    1     0 {*Escribir un programa que determine si un número leído desde el teclado es múltiplo de 5.
    2     0 *}
    3     0 program case2;
    4     0 var 
    5     0  num: integer;
    6     0  
    7     0 begin
    8     0  write('Ingrese el numero: ');
    9     2  read(num);
   10     4 if num mod 5 =0 then
   11    10  begin
   12    10   write('SI ES MULTIPLO');
   13    12  end
   14    12 else
   15    12 write('NO ES MULTIPLO');
   16    15 
   17    15 end.



Symbol table

    name       link      objekt       type         ref      nrm  lev  adr  aux

 45 _main        44     procedure   notyp           2      True    0    0    0
 46 any           0     variable    synch           0      True    1    5    0
 47 num          46     variable    integer         0      True    1    5    0

Generated P-code

    0     ldcon.i      0        19          ;8
    1     wrstr        0         0          ;8
    2     ldadr        1         5          ;9
    3     rdinp.i      0         0          ;9
    4     ldval.i      1         5          ;10
    5     ldcon.i      0         5          ;10
    6     modop.i      0         0          ;10
    7     ldcon.i      0         0          ;10
    8     releq.i      0         0          ;10
    9     jmpiz        0        13          ;10
   10     ldcon.i      0        14          ;12
   11     wrstr        0        19          ;12
   12     jmpuc        0        15          ;13
   13     ldcon.i      0        14          ;15
   14     wrstr        0        33          ;15
   15     stopx        0         0          ;15
