- Pascal-FC for IBM PC compatibles - 
- GNU Compiler Version P5.2

G L Davies  &  A Burns, University of York

Compiler listing

    1     0 program caso5;
    2     0 var
    3     0  numero: integer;
    4     0 begin
    5     0  write('Ingrese un numero: ');
    6     2  readln(numero);
    7     5  if (numero>100) then
    8     9   write('El numero es mayor que 100')
    9    11  else if (numero<100) then
   10    16   write('El numero es menor que 100')
   11    18  else
   12    18   write('El numero es 100');
   13    21  readln;
   14    22 end.



Symbol table

    name       link      objekt       type         ref      nrm  lev  adr  aux

 45 _main        44     procedure   notyp           2      True    0    0    0
 46 any           0     variable    synch           0      True    1    5    0
 47 numero       46     variable    integer         0      True    1    5    0

Generated P-code

    0     ldcon.i      0        19          ;5
    1     wrstr        0         0          ;5
    2     ldadr        1         5          ;6
    3     rdinp.i      0         0          ;6
    4     rdlin        0         0          ;6
    5     ldval.i      1         5          ;7
    6     ldcon.i      0       100          ;7
    7     relgt.i      0         0          ;7
    8     jmpiz        0        12          ;7
    9     ldcon.i      0        26          ;8
   10     wrstr        0        19          ;8
   11     jmpuc        0        21          ;8
   12     ldval.i      1         5          ;9
   13     ldcon.i      0       100          ;9
   14     rellt.i      0         0          ;9
   15     jmpiz        0        19          ;9
   16     ldcon.i      0        26          ;10
   17     wrstr        0        45          ;10
   18     jmpuc        0        21          ;10
   19     ldcon.i      0        16          ;12
   20     wrstr        0        71          ;12
   21     rdlin        0         0          ;12
   22     stopx        0         0          ;13
