- Pascal-FC for IBM PC compatibles - 
- GNU Compiler Version P5.2

G L Davies  &  A Burns, University of York

Compiler listing

    1     0 program caso8;
    2     0 var
    3     0  hora,minuto,segundo,resultado: integer;
    4     0 begin
    5     0  write('Ingrese la hora (HH MM SS): ');
    6     2  readln(hora,minuto,segundo);
    7     9  resultado:= hora*3600 + minuto*60 + segundo;
    8    20  write('La hora en segundos es: ',resultado);
    9    24  readln;
   10    25 end.



Symbol table

    name       link      objekt       type         ref      nrm  lev  adr  aux

 45 _main        44     procedure   notyp           2      True    0    0    0
 46 any           0     variable    synch           0      True    1    5    0
 47 hora         46     variable    integer         0      True    1    5    0
 48 minuto       47     variable    integer         0      True    1    6    0
 49 segundo      48     variable    integer         0      True    1    7    0
 50 resultado    49     variable    integer         0      True    1    8    0

Generated P-code

    0     ldcon.i      0        28          ;5
    1     wrstr        0         0          ;5
    2     ldadr        1         5          ;6
    3     rdinp.i      0         0          ;6
    4     ldadr        1         6          ;6
    5     rdinp.i      0         0          ;6
    6     ldadr        1         7          ;6
    7     rdinp.i      0         0          ;6
    8     rdlin        0         0          ;6
    9     ldadr        1         8          ;6
   10     ldval.i      1         5          ;7
   11     ldcon.i      0      3600          ;7
   12     mulop.i      0         0          ;7
   13     ldval.i      1         6          ;7
   14     ldcon.i      0        60          ;7
   15     mulop.i      0         0          ;7
   16     addop.i      0         0          ;7
   17     ldval.i      1         7          ;7
   18     addop.i      0         0          ;7
   19     store.i      0         0          ;7
   20     ldcon.i      0        24          ;8
   21     wrstr        0        28          ;8
   22     ldval.i      1         8          ;8
   23     wrval.i      0         0          ;8
   24     rdlin        0         0          ;8
   25     stopx        0         0          ;9
