- Pascal-FC for IBM PC compatibles - 
- GNU Compiler Version P5.2

G L Davies  &  A Burns, University of York

Compiler listing

    1     0 program caso;
    2     0 var
    3     0  i,m: integer;
    4     0 begin
    5     0  i:=1;
    6     3  m:=7;
    7     6  repeat
    8     6   write(m,' ');
    9    10   i:=i+1;
   10    15   m:=7*i;
   11    20  until (m>100);
   12    24 end.



Symbol table

    name       link      objekt       type         ref      nrm  lev  adr  aux

 45 _main        44     procedure   notyp           2      True    0    0    0
 46 any           0     variable    synch           0      True    1    5    0
 47 i            46     variable    integer         0      True    1    5    0
 48 m            47     variable    integer         0      True    1    6    0

Generated P-code

    0     ldadr        1         5          ;4
    1     ldcon.i      0         1          ;5
    2     store.i      0         0          ;5
    3     ldadr        1         6          ;5
    4     ldcon.i      0         7          ;6
    5     store.i      0         0          ;6
    6     ldval.i      1         6          ;8
    7     wrval.i      0         0          ;8
    8     ldcon.c      0        32          ;8
    9     wrval.c      0         0          ;8
   10     ldadr        1         5          ;8
   11     ldval.i      1         5          ;9
   12     ldcon.i      0         1          ;9
   13     addop.i      0         0          ;9
   14     store.i      0         0          ;9
   15     ldadr        1         6          ;9
   16     ldcon.i      0         7          ;10
   17     ldval.i      1         5          ;10
   18     mulop.i      0         0          ;10
   19     store.i      0         0          ;10
   20     ldval.i      1         6          ;11
   21     ldcon.i      0       100          ;11
   22     relgt.i      0         0          ;11
   23     jmpiz        0         6          ;11
   24     stopx        0         0          ;11
